This is pdfTeX, Version 3.14159265-2.6-1.40.18 (MiKTeX 2.9.6500 64-bit) (preloaded format=pdflatex 2017.11.20)  1 APR 2018 23:58
entering extended mode
**./en_referat.tex
(en_referat.tex
LaTeX2e <2017-04-15>
Babel <3.15> and hyphenation patterns for 75 language(s) loaded.
(styles/report.cls

LaTeX Warning: You have requested document class `styles/report',
               but the document class provides `report'.

Document Class: report 2001/04/21 v1.4e Standard LaTeX document class
("D:\MyPrograms\MiKTeX 2.9\tex\latex\base\size12.clo"
File: size12.clo 2014/09/29 v1.4h Standard LaTeX file (size option)
)
\c@part=\count79
\c@chapter=\count80
\c@section=\count81
\c@subsection=\count82
\c@subsubsection=\count83
\c@paragraph=\count84
\c@subparagraph=\count85
\c@figure=\count86
\c@table=\count87
\abovecaptionskip=\skip41
\belowcaptionskip=\skip42
\bibindent=\dimen102
)
("D:\MyPrograms\MiKTeX 2.9\tex\latex\t2\mathtext.sty"
Package: mathtext 1999/01/28 v1.0 transparent text-and-math defs
LaTeX Info: Redefining \halign on input line 111.
)
("D:\MyPrograms\MiKTeX 2.9\tex\latex\base\inputenc.sty"
Package: inputenc 2015/03/17 v1.2c Input encoding file
\inpenc@prehook=\toks14
\inpenc@posthook=\toks15

("D:\MyPrograms\MiKTeX 2.9\tex\latex\ucs\utf8x.def"
File: utf8x.def 2004/10/17 UCS: Input encoding UTF-8
))
("D:\MyPrograms\MiKTeX 2.9\tex\latex\ucs\ucs.sty"
Package: ucs 2013/05/11 v2.2 UCS: Unicode input support

("D:\MyPrograms\MiKTeX 2.9\tex\latex\ucs\uni-global.def"
File: uni-global.def 2013/05/13 UCS: Unicode global data
)
\uc@secondtry=\count88
\uc@combtoks=\toks16
\uc@combtoksb=\toks17
\uc@temptokena=\toks18
)
("D:\MyPrograms\MiKTeX 2.9\tex\latex\base\fontenc.sty"
Package: fontenc 2017/04/05 v2.0i Standard LaTeX package

("D:\MyPrograms\MiKTeX 2.9\tex\latex\cyrillic\t2aenc.def"
File: t2aenc.def 2005/09/27 v1.0i Cyrillic encoding definition file
\symT2Aletters=\mathgroup4
)
LaTeX Font Info:    Try loading font information for T2A+cmr on input line 105.


("D:\MyPrograms\MiKTeX 2.9\tex\latex\cyrillic\t2acmr.fd"
File: t2acmr.fd 2001/08/11 v1.0a Computer Modern Cyrillic font definitions
))
("D:\MyPrograms\MiKTeX 2.9\tex\generic\babel\babel.sty"
Package: babel 2017/11/03 3.15 The Babel package

("D:\MyPrograms\MiKTeX 2.9\tex\generic\babel\switch.def"
File: switch.def 2017/11/03 3.15 Babel switching mechanism
)
*************************************
* Local config file bblopts.cfg used
*
("D:\MyPrograms\MiKTeX 2.9\tex\latex\arabi\bblopts.cfg"
File: bblopts.cfg 2005/09/08 v0.1 add Arabic and Farsi to "declared" options of
 babel
)
("D:\MyPrograms\MiKTeX 2.9\tex\latex\babel-english\english.ldf"
Language: english 2017/06/06 v3.3r English support from the babel system

("D:\MyPrograms\MiKTeX 2.9\tex\generic\babel\babel.def"
File: babel.def 2017/11/03 3.15 Babel common definitions

("D:\MyPrograms\MiKTeX 2.9\tex\generic\babel\switch.def"
File: switch.def 2017/11/03 3.15 Babel switching mechanism
)
\babel@savecnt=\count89
\U@D=\dimen103
)
\l@canadian = a dialect from \language\l@american 
\l@australian = a dialect from \language\l@british 
\l@newzealand = a dialect from \language\l@british 
)
("D:\MyPrograms\MiKTeX 2.9\tex\latex\babel-russian\russianb.ldf"
Language: russian 2017/08/12 1.3j Russian support for the Babel system
Package babel Info: Making " an active character on input line 120.
Package babel Info: Default for \cyrdash is provided on input line 157.
))
("D:\MyPrograms\MiKTeX 2.9\tex\latex\textcase\textcase.sty"
Package: textcase 2004/10/07 v0.07 Text only upper/lower case changing (DPC)
)
\@input{styles/preable.aux}
\openout2 = `styles/preable.aux'.

(styles/preable.tex ("D:\MyPrograms\MiKTeX 2.9\tex\latex\graphics\graphics.sty"
Package: graphics 2017/06/25 v1.2c Standard LaTeX Graphics (DPC,SPQR)
("D:\MyPrograms\MiKTeX 2.9\tex\latex\graphics\trig.sty"
Package: trig 2016/01/03 v1.10 sin cos tan (DPC)
)
("D:\MyPrograms\MiKTeX 2.9\tex\latex\graphics-cfg\graphics.cfg"
File: graphics.cfg 2016/06/04 v1.11 sample graphics configuration
)
Package graphics Info: Driver file: pdftex.def on input line 99.

("D:\MyPrograms\MiKTeX 2.9\tex\latex\graphics-def\pdftex.def"
File: pdftex.def 2017/06/24 v1.0g Graphics/color driver for pdftex
))
("D:\MyPrograms\MiKTeX 2.9\tex\latex\graphics\graphicx.sty"
Package: graphicx 2017/06/01 v1.1a Enhanced LaTeX Graphics (DPC,SPQR)

("D:\MyPrograms\MiKTeX 2.9\tex\latex\graphics\keyval.sty"
Package: keyval 2014/10/28 v1.15 key=value parser (DPC)
\KV@toks@=\toks19
)
\Gin@req@height=\dimen104
\Gin@req@width=\dimen105
)
("D:\MyPrograms\MiKTeX 2.9\tex\latex\hyperref\hyperref.sty"
Package: hyperref 2017/03/14 v6.85a Hypertext links for LaTeX

("D:\MyPrograms\MiKTeX 2.9\tex\generic\oberdiek\hobsub-hyperref.sty"
Package: hobsub-hyperref 2016/05/16 v1.14 Bundle oberdiek, subset hyperref (HO)


("D:\MyPrograms\MiKTeX 2.9\tex\generic\oberdiek\hobsub-generic.sty"
Package: hobsub-generic 2016/05/16 v1.14 Bundle oberdiek, subset generic (HO)
Package: hobsub 2016/05/16 v1.14 Construct package bundles (HO)
Package: infwarerr 2016/05/16 v1.4 Providing info/warning/error messages (HO)
Package: ltxcmds 2016/05/16 v1.23 LaTeX kernel commands for general use (HO)
Package: ifluatex 2016/05/16 v1.4 Provides the ifluatex switch (HO)
Package ifluatex Info: LuaTeX not detected.
Package: ifvtex 2016/05/16 v1.6 Detect VTeX and its facilities (HO)
Package ifvtex Info: VTeX not detected.
Package: intcalc 2016/05/16 v1.2 Expandable calculations with integers (HO)
Package: ifpdf 2017/03/15 v3.2 Provides the ifpdf switch
Package: etexcmds 2016/05/16 v1.6 Avoid name clashes with e-TeX commands (HO)
Package etexcmds Info: Could not find \expanded.
(etexcmds)             That can mean that you are not using pdfTeX 1.50 or
(etexcmds)             that some package has redefined \expanded.
(etexcmds)             In the latter case, load this package earlier.
Package: kvsetkeys 2016/05/16 v1.17 Key value parser (HO)
Package: kvdefinekeys 2016/05/16 v1.4 Define keys (HO)
Package: pdftexcmds 2017/03/19 v0.25 Utility functions of pdfTeX for LuaTeX (HO
)
Package pdftexcmds Info: LuaTeX not detected.
Package pdftexcmds Info: \pdf@primitive is available.
Package pdftexcmds Info: \pdf@ifprimitive is available.
Package pdftexcmds Info: \pdfdraftmode found.
Package: pdfescape 2016/05/16 v1.14 Implements pdfTeX's escape features (HO)
Package: bigintcalc 2016/05/16 v1.4 Expandable calculations on big integers (HO
)
Package: bitset 2016/05/16 v1.2 Handle bit-vector datatype (HO)
Package: uniquecounter 2016/05/16 v1.3 Provide unlimited unique counter (HO)
)
Package hobsub Info: Skipping package `hobsub' (already loaded).
Package: letltxmacro 2016/05/16 v1.5 Let assignment for LaTeX macros (HO)
Package: hopatch 2016/05/16 v1.3 Wrapper for package hooks (HO)
Package: xcolor-patch 2016/05/16 xcolor patch
Package: atveryend 2016/05/16 v1.9 Hooks at the very end of document (HO)
Package atveryend Info: \enddocument detected (standard20110627).
Package: atbegshi 2016/06/09 v1.18 At begin shipout hook (HO)
Package: refcount 2016/05/16 v3.5 Data extraction from label references (HO)
Package: hycolor 2016/05/16 v1.8 Color options for hyperref/bookmark (HO)
)
("D:\MyPrograms\MiKTeX 2.9\tex\generic\ifxetex\ifxetex.sty"
Package: ifxetex 2010/09/12 v0.6 Provides ifxetex conditional
)
("D:\MyPrograms\MiKTeX 2.9\tex\latex\oberdiek\auxhook.sty"
Package: auxhook 2016/05/16 v1.4 Hooks for auxiliary files (HO)
)
("D:\MyPrograms\MiKTeX 2.9\tex\latex\oberdiek\kvoptions.sty"
Package: kvoptions 2016/05/16 v3.12 Key value format for package options (HO)
)
\@linkdim=\dimen106
\Hy@linkcounter=\count90
\Hy@pagecounter=\count91

("D:\MyPrograms\MiKTeX 2.9\tex\latex\hyperref\pd1enc.def"
File: pd1enc.def 2017/03/14 v6.85a Hyperref: PDFDocEncoding definition (HO)
\symPD1letters=\mathgroup5
)
\Hy@SavedSpaceFactor=\count92
Package hyperref Info: Option `unicode' set `true' on input line 3453.

("D:\MyPrograms\MiKTeX 2.9\tex\latex\hyperref\puenc.def"
File: puenc.def 2017/03/14 v6.85a Hyperref: PDF Unicode definition (HO)
\symPUletters=\mathgroup6
)
("D:\MyPrograms\MiKTeX 2.9\tex\latex\00miktex\hyperref.cfg"
File: hyperref.cfg 2002/06/06 v1.2 hyperref configuration of TeXLive
)
Package hyperref Info: Hyper figures OFF on input line 4498.
Package hyperref Info: Link nesting OFF on input line 4503.
Package hyperref Info: Hyper index ON on input line 4506.
Package hyperref Info: Plain pages OFF on input line 4513.
Package hyperref Info: Backreferencing OFF on input line 4518.
Package hyperref Info: Implicit mode ON; LaTeX internals redefined.
Package hyperref Info: Bookmarks ON on input line 4751.
\c@Hy@tempcnt=\count93

("D:\MyPrograms\MiKTeX 2.9\tex\latex\url\url.sty"
\Urlmuskip=\muskip10
Package: url 2013/09/16  ver 3.4  Verb mode for urls, etc.
)
LaTeX Info: Redefining \url on input line 5104.
\XeTeXLinkMargin=\dimen107
\Fld@menulength=\count94
\Field@Width=\dimen108
\Fld@charsize=\dimen109
Package hyperref Info: Hyper figures OFF on input line 6358.
Package hyperref Info: Link nesting OFF on input line 6363.
Package hyperref Info: Hyper index ON on input line 6366.
Package hyperref Info: backreferencing OFF on input line 6373.
Package hyperref Info: Link coloring OFF on input line 6378.
Package hyperref Info: Link coloring with OCG OFF on input line 6383.
Package hyperref Info: PDF/A mode OFF on input line 6388.
LaTeX Info: Redefining \ref on input line 6428.
LaTeX Info: Redefining \pageref on input line 6432.
\Hy@abspage=\count95
\c@Item=\count96
\c@Hfootnote=\count97
)

Package hyperref Message: Driver (autodetected): hpdftex.

("D:\MyPrograms\MiKTeX 2.9\tex\latex\hyperref\hpdftex.def"
File: hpdftex.def 2017/03/14 v6.85a Hyperref driver for pdfTeX
\Fld@listcount=\count98
\c@bookmark@seq@number=\count99

("D:\MyPrograms\MiKTeX 2.9\tex\latex\oberdiek\rerunfilecheck.sty"
Package: rerunfilecheck 2016/05/16 v1.8 Rerun checks for auxiliary files (HO)
Package uniquecounter Info: New unique counter `rerunfilecheck' on input line 2
82.
)
\Hy@SectionHShift=\skip43
)
("D:\MyPrograms\MiKTeX 2.9\tex\latex\base\latexsym.sty"
Package: latexsym 1998/08/17 v2.2e Standard LaTeX package (lasy symbols)
\symlasy=\mathgroup7
LaTeX Font Info:    Overwriting symbol font `lasy' in version `bold'
(Font)                  U/lasy/m/n --> U/lasy/b/n on input line 52.
) (styles/axodraw.sty
("D:\MyPrograms\MiKTeX 2.9\tex\latex\epsf\epsf.sty"
This is `epsf.tex' v2.7.4 <14 February 2011>
\epsffilein=\read1
\epsfframemargin=\dimen110
\epsfframethickness=\dimen111
\epsfrsize=\dimen112
\epsftmp=\dimen113
\epsftsize=\dimen114
\epsfxsize=\dimen115
\epsfysize=\dimen116
\pspoints=\dimen117
) ("D:\MyPrograms\MiKTeX 2.9\tex\generic\dvips\colordvi.sty")
("D:\MyPrograms\MiKTeX 2.9\tex\generic\dvips\rotate.tex"
\rotdimen=\dimen118
))
("D:\MyPrograms\MiKTeX 2.9\tex\latex\tools\indentfirst.sty"
Package: indentfirst 1995/11/23 v1.03 Indent first paragraph (DPC)
)
("D:\MyPrograms\MiKTeX 2.9\tex\latex\cite\cite.sty"
LaTeX Info: Redefining \cite on input line 302.
LaTeX Info: Redefining \nocite on input line 332.
Package: cite 2015/02/27  v 5.5
) (styles/caption-disser.sty

LaTeX Warning: You have requested package `styles/caption-disser',
               but the package provides `caption'.

Package: caption 1995/04/05 v1.4b caption package (AS)
\captionmargin=\skip44
\as@captionbox=\box26
\as@captionwidth=\skip45
) ("D:\MyPrograms\MiKTeX 2.9\tex\latex\float\float.sty"
Package: float 2001/11/08 v1.3d Float enhancements (AL)
\c@float@type=\count100
\float@exts=\toks20
\float@box=\box27
\@float@everytoks=\toks21
\@floatcapt=\box28
)
("D:\MyPrograms\MiKTeX 2.9\tex\latex\graphics\color.sty"
Package: color 2016/07/10 v1.1e Standard LaTeX Color (DPC)

("D:\MyPrograms\MiKTeX 2.9\tex\latex\graphics-cfg\color.cfg"
File: color.cfg 2016/01/02 v1.6 sample color configuration
)
Package color Info: Driver file: dvips.def on input line 147.

("D:\MyPrograms\MiKTeX 2.9\tex\latex\graphics-def\dvips.def"
File: dvips.def 2017/06/20 v3.1d Graphics/color driver for dvips
)
("D:\MyPrograms\MiKTeX 2.9\tex\latex\graphics\dvipsnam.def"
File: dvipsnam.def 2016/06/17 v3.0m Driver-dependent file (DPC,SPQR)
))) (en_referat.aux
(src/title_referat.aux))
\openout1 = `en_referat.aux'.

LaTeX Font Info:    Checking defaults for OML/cmm/m/it on input line 13.
LaTeX Font Info:    ... okay on input line 13.
LaTeX Font Info:    Checking defaults for T1/cmr/m/n on input line 13.
LaTeX Font Info:    ... okay on input line 13.
LaTeX Font Info:    Checking defaults for OT1/cmr/m/n on input line 13.
LaTeX Font Info:    ... okay on input line 13.
LaTeX Font Info:    Checking defaults for OMS/cmsy/m/n on input line 13.
LaTeX Font Info:    ... okay on input line 13.
LaTeX Font Info:    Checking defaults for OMX/cmex/m/n on input line 13.
LaTeX Font Info:    ... okay on input line 13.
LaTeX Font Info:    Checking defaults for U/cmr/m/n on input line 13.
LaTeX Font Info:    ... okay on input line 13.
LaTeX Font Info:    Checking defaults for T2A/cmr/m/n on input line 13.
LaTeX Font Info:    ... okay on input line 13.
LaTeX Font Info:    Checking defaults for PD1/pdf/m/n on input line 13.
LaTeX Font Info:    ... okay on input line 13.
LaTeX Font Info:    Checking defaults for PU/pdf/m/n on input line 13.
LaTeX Font Info:    ... okay on input line 13.
 ("D:\MyPrograms\MiKTeX 2.9\tex\latex\ucs\ucsencs.def"
File: ucsencs.def 2011/01/21 Fixes to fontencodings LGR, T3
) ("D:\MyPrograms\MiKTeX 2.9\tex\context\base\supp-pdf.mkii"
[Loading MPS to PDF converter (version 2006.09.02).]
\scratchcounter=\count101
\scratchdimen=\dimen119
\scratchbox=\box29
\nofMPsegments=\count102
\nofMParguments=\count103
\everyMPshowfont=\toks22
\MPscratchCnt=\count104
\MPscratchDim=\dimen120
\MPnumerator=\count105
\makeMPintoPDFobject=\count106
\everyMPtoPDFconversion=\toks23
) ("D:\MyPrograms\MiKTeX 2.9\tex\latex\oberdiek\epstopdf-base.sty"
Package: epstopdf-base 2016/05/15 v2.6 Base part for package epstopdf

("D:\MyPrograms\MiKTeX 2.9\tex\latex\oberdiek\grfext.sty"
Package: grfext 2016/05/16 v1.2 Manage graphics extensions (HO)
)

Package epstopdf Warning: Drivers other than `pdftex' and `luatex' are not supp
orted.

)
\AtBeginShipoutBox=\box30
Package hyperref Info: Link coloring OFF on input line 13.
 ("D:\MyPrograms\MiKTeX 2.9\tex\latex\hyperref\nameref.sty"
Package: nameref 2016/05/21 v2.44 Cross-referencing by name of section

("D:\MyPrograms\MiKTeX 2.9\tex\generic\oberdiek\gettitlestring.sty"
Package: gettitlestring 2016/05/16 v1.5 Cleanup title references (HO)
)
\c@section@level=\count107
)
LaTeX Info: Redefining \ref on input line 13.
LaTeX Info: Redefining \pageref on input line 13.
LaTeX Info: Redefining \nameref on input line 13.

(en_referat.out) (en_referat.out)
\@outlinefile=\write3
\openout3 = `en_referat.out'.

\openout2 = `src/title_referat.aux'.

 (src/title_referat.tex
("D:\MyPrograms\MiKTeX 2.9\tex\latex\ucs\uni-4.def"
File: uni-4.def 2013/05/13 UCS: Unicode data U+0400..U+04FF
)
("D:\MyPrograms\MiKTeX 2.9\tex\latex\ucs\uni-0.def"
File: uni-0.def 2013/05/13 UCS: Unicode data U+0000..U+00FF
)
("D:\MyPrograms\MiKTeX 2.9\tex\latex\ucs\uni-32.def"
File: uni-32.def 2013/05/13 UCS: Unicode data U+2000..U+20FF
)
Package babel Info: Redefining russian shorthand "|
(babel)             in language  on input line 33.
Package babel Info: Redefining russian shorthand "~
(babel)             in language  on input line 33.
Package babel Info: Redefining russian shorthand "|
(babel)             in language  on input line 33.
Package babel Info: Redefining russian shorthand "~
(babel)             in language  on input line 33.
 [1
Non-PDF special ignored!
Non-PDF special ignored!
Non-PDF special ignored!



Non-PDF special ignored!
Non-PDF special ignored!
Non-PDF special ignored!
Non-PDF special ignored!
Non-PDF special ignored!
Non-PDF special ignored!
Non-PDF special ignored!
Non-PDF special ignored!
Non-PDF special ignored!
Non-PDF special ignored!
Non-PDF special ignored!
Non-PDF special ignored!
Non-PDF special ignored!
Non-PDF special ignored!
Non-PDF special ignored!
Non-PDF special ignored!
Non-PDF special ignored!
Non-PDF special ignored!
Non-PDF special ignored!
Non-PDF special ignored!
Non-PDF special ignored!
Non-PDF special ignored!
Non-PDF special ignored!
Non-PDF special ignored!
Non-PDF special ignored!
Non-PDF special ignored!
Non-PDF special ignored!
Non-PDF special ignored!
Non-PDF special ignored!
Non-PDF special ignored!
Non-PDF special ignored!
Non-PDF special ignored!
Non-PDF special ignored!
Non-PDF special ignored!
Non-PDF special ignored!
Non-PDF special ignored!
Non-PDF special ignored!
Non-PDF special ignored!
Non-PDF special ignored!
Non-PDF special ignored!
Non-PDF special ignored!
Non-PDF special ignored!
Non-PDF special ignored!
Non-PDF special ignored!
Non-PDF special ignored!
Non-PDF special ignored!
Non-PDF special ignored!
Non-PDF special ignored!
Non-PDF special ignored!
Non-PDF special ignored!
Non-PDF special ignored!
Non-PDF special ignored!
Non-PDF special ignored!
Non-PDF special ignored!
Non-PDF special ignored!
Non-PDF special ignored!
Non-PDF special ignored!
Non-PDF special ignored!
Non-PDF special ignored!



Non-PDF special ignored!
Non-PDF special ignored!{C:/Users/ILIA/AppData/Local/MiKTeX/2.9/pdftex/config/p
dftex.map}
Non-PDF special ignored!
Non-PDF special ignored!]) (en_referat.toc
Underfull \hbox (badness 1178) in paragraph at lines 4--4
 [] [][]\T2A/cmr/bx/n/14.4 BUSINESS INTELLIGENCE AND ANALYTICS: FROM 
 []

LaTeX Font Info:    External font `cmex10' loaded for size
(Font)              <14.4> on input line 5.
LaTeX Font Info:    External font `cmex10' loaded for size
(Font)              <7> on input line 5.
LaTeX Font Info:    Try loading font information for PD1+cmr on input line 5.
LaTeX Font Info:    No file PD1cmr.fd. on input line 5.

LaTeX Font Warning: Font shape `PD1/cmr/m/n' undefined
(Font)              using `PD1/pdf/m/n' instead on input line 5.

LaTeX Font Info:    Try loading font information for PU+cmr on input line 5.
LaTeX Font Info:    No file PUcmr.fd. on input line 5.

LaTeX Font Warning: Font shape `PU/cmr/m/n' undefined
(Font)              using `PU/pdf/m/n' instead on input line 5.

LaTeX Font Info:    Try loading font information for U+lasy on input line 5.
("D:\MyPrograms\MiKTeX 2.9\tex\latex\base\ulasy.fd"
File: ulasy.fd 1998/08/17 v2.2e LaTeX symbol font definitions
))
\tf@toc=\write4
\openout4 = `en_referat.toc'.

Package babel Info: Redefining russian shorthand "|
(babel)             in language  on input line 30.
Package babel Info: Redefining russian shorthand "~
(babel)             in language  on input line 30.
Package babel Info: Redefining russian shorthand "|
(babel)             in language  on input line 30.
Package babel Info: Redefining russian shorthand "~
(babel)             in language  on input line 30.
 [2
Non-PDF special ignored!
Non-PDF special ignored!



Non-PDF special ignored!
Non-PDF special ignored!
Non-PDF special ignored!
Non-PDF special ignored!
Non-PDF special ignored!
Non-PDF special ignored!
Non-PDF special ignored!
Non-PDF special ignored!
Non-PDF special ignored!
Non-PDF special ignored!
Non-PDF special ignored!
Non-PDF special ignored!
Non-PDF special ignored!
Non-PDF special ignored!
Non-PDF special ignored!
Non-PDF special ignored!
Non-PDF special ignored!
Non-PDF special ignored!
Non-PDF special ignored!
Non-PDF special ignored!
Non-PDF special ignored!
Non-PDF special ignored!
Non-PDF special ignored!
Non-PDF special ignored!
Non-PDF special ignored!
Non-PDF special ignored!
Non-PDF special ignored!
Non-PDF special ignored!
Non-PDF special ignored!
Non-PDF special ignored!
Non-PDF special ignored!
Non-PDF special ignored!]
Package babel Info: Redefining russian shorthand "|
(babel)             in language  on input line 32.
Package babel Info: Redefining russian shorthand "~
(babel)             in language  on input line 32.
 (src/introduction.tex)
Package babel Info: Redefining russian shorthand "|
(babel)             in language  on input line 34.
Package babel Info: Redefining russian shorthand "~
(babel)             in language  on input line 34.
Package babel Info: Redefining russian shorthand "|
(babel)             in language  on input line 34.
Package babel Info: Redefining russian shorthand "~
(babel)             in language  on input line 34.
 [3
Non-PDF special ignored!
Non-PDF special ignored!


Non-PDF special ignored!
Non-PDF special ignored!]
Package babel Info: Redefining russian shorthand "|
(babel)             in language  on input line 35.
Package babel Info: Redefining russian shorthand "~
(babel)             in language  on input line 35.
 (src/annotation.tex)
Package babel Info: Redefining russian shorthand "|
(babel)             in language  on input line 38.
Package babel Info: Redefining russian shorthand "~
(babel)             in language  on input line 38.
Package babel Info: Redefining russian shorthand "|
(babel)             in language  on input line 38.
Package babel Info: Redefining russian shorthand "~
(babel)             in language  on input line 38.
 [4
Non-PDF special ignored!
Non-PDF special ignored!


Non-PDF special ignored!
Non-PDF special ignored!]
\IeC {\CYRG }\IeC {\CYRL }\IeC {\CYRA }\IeC {\CYRV }\IeC {\CYRA } 1.
Package babel Info: Redefining russian shorthand "|
(babel)             in language  on input line 38.
Package babel Info: Redefining russian shorthand "~
(babel)             in language  on input line 38.
(src/1-compression.tex
Package babel Info: Redefining russian shorthand "|
(babel)             in language  on input line 1.
Package babel Info: Redefining russian shorthand "~
(babel)             in language  on input line 1.


LaTeX Warning: Citation `davenport:2006' on page 5 undefined on input line 6.


Underfull \hbox (badness 1675) in paragraph at lines 23--36
\T2A/cmr/m/n/14.4 data segmentation and clustering, classification and regressi
on analysis,
 []

Package babel Info: Redefining russian shorthand "|
(babel)             in language  on input line 37.
Package babel Info: Redefining russian shorthand "~
(babel)             in language  on input line 37.
Package babel Info: Redefining russian shorthand "|
(babel)             in language  on input line 37.
Package babel Info: Redefining russian shorthand "~
(babel)             in language  on input line 37.
[5
Non-PDF special ignored!
Non-PDF special ignored!


Non-PDF special ignored!
Non-PDF special ignored!]) (src/2-compression.tex
Package babel Info: Redefining russian shorthand "|
(babel)             in language  on input line 1.
Package babel Info: Redefining russian shorthand "~
(babel)             in language  on input line 1.

Underfull \hbox (badness 2529) in paragraph at lines 20--38
[]\T2A/cmr/m/n/14.4 An immense amount of company, industry, product, and custom
er
 []


Underfull \hbox (badness 2165) in paragraph at lines 20--38
\T2A/cmr/m/n/14.4 purchasing patterns. Web site design, product placement optim
ization,
 []


Underfull \hbox (badness 3000) in paragraph at lines 20--38
\T2A/cmr/m/n/14.4 customer transaction analysis, market structure analysis, and
 product
 []

Package babel Info: Redefining russian shorthand "|
(babel)             in language  on input line 38.
Package babel Info: Redefining russian shorthand "~
(babel)             in language  on input line 38.
Package babel Info: Redefining russian shorthand "|
(babel)             in language  on input line 38.
Package babel Info: Redefining russian shorthand "~
(babel)             in language  on input line 38.
[6
Non-PDF special ignored!
Non-PDF special ignored!
Non-PDF special ignored!
Non-PDF special ignored!]
Underfull \hbox (badness 2426) in paragraph at lines 39--51
\T2A/cmr/m/n/14.4 between businesses and customers instead of the traditional b
usiness-
 []

) (src/3-compression.tex
Package babel Info: Redefining russian shorthand "|
(babel)             in language  on input line 1.
Package babel Info: Redefining russian shorthand "~
(babel)             in language  on input line 1.
Package babel Info: Redefining russian shorthand "|
(babel)             in language  on input line 32.
Package babel Info: Redefining russian shorthand "~
(babel)             in language  on input line 32.
Package babel Info: Redefining russian shorthand "|
(babel)             in language  on input line 32.
Package babel Info: Redefining russian shorthand "~
(babel)             in language  on input line 32.
 [7
Non-PDF special ignored!
Non-PDF special ignored!
Non-PDF special ignored!
Non-PDF special ignored!]) (src/4-compression.tex
Package babel Info: Redefining russian shorthand "|
(babel)             in language  on input line 1.
Package babel Info: Redefining russian shorthand "~
(babel)             in language  on input line 1.
Package babel Info: Redefining russian shorthand "|
(babel)             in language  on input line 26.
Package babel Info: Redefining russian shorthand "~
(babel)             in language  on input line 26.
Package babel Info: Redefining russian shorthand "|
(babel)             in language  on input line 26.
Package babel Info: Redefining russian shorthand "~
(babel)             in language  on input line 26.
 [8
Non-PDF special ignored!
Non-PDF special ignored!
Non-PDF special ignored!
Non-PDF special ignored!]) (src/5-compression.tex
Package babel Info: Redefining russian shorthand "|
(babel)             in language  on input line 1.
Package babel Info: Redefining russian shorthand "~
(babel)             in language  on input line 1.
Package babel Info: Redefining russian shorthand "|
(babel)             in language  on input line 42.
Package babel Info: Redefining russian shorthand "~
(babel)             in language  on input line 42.
Package babel Info: Redefining russian shorthand "|
(babel)             in language  on input line 42.
Package babel Info: Redefining russian shorthand "~
(babel)             in language  on input line 42.
 [9
Non-PDF special ignored!
Non-PDF special ignored!
Non-PDF special ignored!
Non-PDF special ignored!]) (src/6-compression.tex
Package babel Info: Redefining russian shorthand "|
(babel)             in language  on input line 1.
Package babel Info: Redefining russian shorthand "~
(babel)             in language  on input line 1.
Package babel Info: Redefining russian shorthand "|
(babel)             in language  on input line 25.
Package babel Info: Redefining russian shorthand "~
(babel)             in language  on input line 25.
Package babel Info: Redefining russian shorthand "|
(babel)             in language  on input line 25.
Package babel Info: Redefining russian shorthand "~
(babel)             in language  on input line 25.
 [10
Non-PDF special ignored!
Non-PDF special ignored!
Non-PDF special ignored!
Non-PDF special ignored!]
Underfull \hbox (badness 1472) in paragraph at lines 26--41
\T2A/cmr/m/n/14.4 related BI&A research. Egovernment research often involves re
searchers
 []

) (src/7-compression.tex
Package babel Info: Redefining russian shorthand "|
(babel)             in language  on input line 1.
Package babel Info: Redefining russian shorthand "~
(babel)             in language  on input line 1.
Package babel Info: Redefining russian shorthand "|
(babel)             in language  on input line 29.
Package babel Info: Redefining russian shorthand "~
(babel)             in language  on input line 29.
Package babel Info: Redefining russian shorthand "|
(babel)             in language  on input line 29.
Package babel Info: Redefining russian shorthand "~
(babel)             in language  on input line 29.
 [11
Non-PDF special ignored!
Non-PDF special ignored!
Non-PDF special ignored!
Non-PDF special ignored!]
Overfull \hbox (0.65967pt too wide) in paragraph at lines 43--58
[]\T2A/cmr/m/n/14.4 In astronomy, the Sloan Digital Sky Survey (SDSS) shows how
 computational
 []

)
Package babel Info: Redefining russian shorthand "|
(babel)             in language  on input line 47.
Package babel Info: Redefining russian shorthand "~
(babel)             in language  on input line 47.
Package babel Info: Redefining russian shorthand "|
(babel)             in language  on input line 47.
Package babel Info: Redefining russian shorthand "~
(babel)             in language  on input line 47.
 [12
Non-PDF special ignored!
Non-PDF special ignored!
Non-PDF special ignored!
Non-PDF special ignored!]
\IeC {\CYRG }\IeC {\CYRL }\IeC {\CYRA }\IeC {\CYRV }\IeC {\CYRA } 2.
Package babel Info: Redefining russian shorthand "|
(babel)             in language  on input line 47.
Package babel Info: Redefining russian shorthand "~
(babel)             in language  on input line 47.
(src/1-translate-eng.tex
Package babel Info: Redefining russian shorthand "|
(babel)             in language  on input line 1.
Package babel Info: Redefining russian shorthand "~
(babel)             in language  on input line 1.

Underfull \hbox (badness 1558) in paragraph at lines 2--26
\T2A/cmr/m/n/14.4 is approximately four terabytes. From the payerprovider side
, a data
 []

Package babel Info: Redefining russian shorthand "|
(babel)             in language  on input line 55.
Package babel Info: Redefining russian shorthand "~
(babel)             in language  on input line 55.
Package babel Info: Redefining russian shorthand "|
(babel)             in language  on input line 55.
Package babel Info: Redefining russian shorthand "~
(babel)             in language  on input line 55.
[13
Non-PDF special ignored!
Non-PDF special ignored!


Non-PDF special ignored!
Non-PDF special ignored!]
Underfull \hbox (badness 1694) in paragraph at lines 56--74
\T2A/cmr/m/n/14.4 NSF and NIH. Clinical decision making, patient-centered thera
py, and
 []

Package babel Info: Redefining russian shorthand "|
(babel)             in language  on input line 75.
Package babel Info: Redefining russian shorthand "~
(babel)             in language  on input line 75.
Package babel Info: Redefining russian shorthand "|
(babel)             in language  on input line 96.
Package babel Info: Redefining russian shorthand "~
(babel)             in language  on input line 96.
Package babel Info: Redefining russian shorthand "|
(babel)             in language  on input line 96.
Package babel Info: Redefining russian shorthand "~
(babel)             in language  on input line 96.
[14
Non-PDF special ignored!
Non-PDF special ignored!
Non-PDF special ignored!
Non-PDF special ignored!]
Underfull \hbox (badness 1057) in paragraph at lines 110--154
\T2A/cmr/m/n/14.4 and analyzing security-related data, however, is increasingly
 difficult. A
 []

Package babel Info: Redefining russian shorthand "|
(babel)             in language  on input line 154.
Package babel Info: Redefining russian shorthand "~
(babel)             in language  on input line 154.
Package babel Info: Redefining russian shorthand "|
(babel)             in language  on input line 154.
Package babel Info: Redefining russian shorthand "~
(babel)             in language  on input line 154.
[15
Non-PDF special ignored!
Non-PDF special ignored!
Non-PDF special ignored!
Non-PDF special ignored!]
Package babel Info: Redefining russian shorthand "|
(babel)             in language  on input line 155.
Package babel Info: Redefining russian shorthand "~
(babel)             in language  on input line 155.

Underfull \hbox (badness 1681) in paragraph at lines 157--182
\T2A/cmr/m/n/14.4 linguistics, statistical natural language processing (NLP) te
chniques for
 []

Package babel Info: Redefining russian shorthand "|
(babel)             in language  on input line 222.
Package babel Info: Redefining russian shorthand "~
(babel)             in language  on input line 222.
Package babel Info: Redefining russian shorthand "|
(babel)             in language  on input line 222.
Package babel Info: Redefining russian shorthand "~
(babel)             in language  on input line 222.
[16
Non-PDF special ignored!
Non-PDF special ignored!
Non-PDF special ignored!
Non-PDF special ignored!]
Package babel Info: Redefining russian shorthand "|
(babel)             in language  on input line 236.
Package babel Info: Redefining russian shorthand "~
(babel)             in language  on input line 236.
Package babel Info: Redefining russian shorthand "|
(babel)             in language  on input line 279.
Package babel Info: Redefining russian shorthand "~
(babel)             in language  on input line 279.
Package babel Info: Redefining russian shorthand "|
(babel)             in language  on input line 279.
Package babel Info: Redefining russian shorthand "~
(babel)             in language  on input line 279.
 [17
Non-PDF special ignored!
Non-PDF special ignored!
Non-PDF special ignored!
Non-PDF special ignored!]) (src/1-translate-ru.tex
Package babel Info: Redefining russian shorthand "|
(babel)             in language  on input line 1.
Package babel Info: Redefining russian shorthand "~
(babel)             in language  on input line 1.
Package babel Info: Redefining russian shorthand "|
(babel)             in language  on input line 1.
Package babel Info: Redefining russian shorthand "~
(babel)             in language  on input line 1.
 [18
Non-PDF special ignored!
Non-PDF special ignored!
Non-PDF special ignored!
Non-PDF special ignored!]
Package babel Info: Redefining russian shorthand "|
(babel)             in language  on input line 1.
Package babel Info: Redefining russian shorthand "~
(babel)             in language  on input line 1.
Package babel Info: Redefining russian shorthand "|
(babel)             in language  on input line 39.
Package babel Info: Redefining russian shorthand "~
(babel)             in language  on input line 39.
Package babel Info: Redefining russian shorthand "|
(babel)             in language  on input line 39.
Package babel Info: Redefining russian shorthand "~
(babel)             in language  on input line 39.
 [19
Non-PDF special ignored!
Non-PDF special ignored!
Non-PDF special ignored!
Non-PDF special ignored!]
Package babel Info: Redefining russian shorthand "|
(babel)             in language  on input line 67.
Package babel Info: Redefining russian shorthand "~
(babel)             in language  on input line 67.
Package babel Info: Redefining russian shorthand "|
(babel)             in language  on input line 86.
Package babel Info: Redefining russian shorthand "~
(babel)             in language  on input line 86.
Package babel Info: Redefining russian shorthand "|
(babel)             in language  on input line 86.
Package babel Info: Redefining russian shorthand "~
(babel)             in language  on input line 86.
 [20
Non-PDF special ignored!
Non-PDF special ignored!
Non-PDF special ignored!
Non-PDF special ignored!]
Package babel Info: Redefining russian shorthand "|
(babel)             in language  on input line 137.
Package babel Info: Redefining russian shorthand "~
(babel)             in language  on input line 137.
Package babel Info: Redefining russian shorthand "|
(babel)             in language  on input line 137.
Package babel Info: Redefining russian shorthand "~
(babel)             in language  on input line 137.
 [21
Non-PDF special ignored!
Non-PDF special ignored!
Non-PDF special ignored!
Non-PDF special ignored!]
Package babel Info: Redefining russian shorthand "|
(babel)             in language  on input line 138.
Package babel Info: Redefining russian shorthand "~
(babel)             in language  on input line 138.
Package babel Info: Redefining russian shorthand "|
(babel)             in language  on input line 162.
Package babel Info: Redefining russian shorthand "~
(babel)             in language  on input line 162.
Package babel Info: Redefining russian shorthand "|
(babel)             in language  on input line 162.
Package babel Info: Redefining russian shorthand "~
(babel)             in language  on input line 162.
 [22
Non-PDF special ignored!
Non-PDF special ignored!
Non-PDF special ignored!
Non-PDF special ignored!]
Package babel Info: Redefining russian shorthand "|
(babel)             in language  on input line 199.
Package babel Info: Redefining russian shorthand "~
(babel)             in language  on input line 199.
Package babel Info: Redefining russian shorthand "|
(babel)             in language  on input line 199.
Package babel Info: Redefining russian shorthand "~
(babel)             in language  on input line 199.
 [23
Non-PDF special ignored!
Non-PDF special ignored!
Non-PDF special ignored!
Non-PDF special ignored!]
Package babel Info: Redefining russian shorthand "|
(babel)             in language  on input line 211.
Package babel Info: Redefining russian shorthand "~
(babel)             in language  on input line 211.
Package babel Info: Redefining russian shorthand "|
(babel)             in language  on input line 252.
Package babel Info: Redefining russian shorthand "~
(babel)             in language  on input line 252.
Package babel Info: Redefining russian shorthand "|
(babel)             in language  on input line 252.
Package babel Info: Redefining russian shorthand "~
(babel)             in language  on input line 252.
 [24
Non-PDF special ignored!
Non-PDF special ignored!
Non-PDF special ignored!
Non-PDF special ignored!]
Underfull \hbox (badness 1515) in paragraph at lines 253--271
[]\T2A/cmr/m/n/14.4 Одним из ос-нов-ных ком-по-нен-тов ана-ли-за веб-аналитики 
яв-ля-ет-ся
 []


Underfull \hbox (badness 3158) in paragraph at lines 253--271
\T2A/cmr/m/n/14.4 сервисно-ориентированной ар-хи-тек-ту-ры (SOA), вир-ту-а-ли-з
а-ции сер-ве-
 []


Underfull \hbox (badness 1448) in paragraph at lines 253--271
\T2A/cmr/m/n/14.4 предо-став-ле-ния онлайн-хранилище. Google App Engine предо-с
тав-ля-ет
 []

)
Underfull \hbox (badness 1394) in paragraph at lines 272--50
[]\T2A/cmr/m/n/14.4 В ака-де-ми-че-ских кру-гах те-ку-щие ис-сле-до-ва-ния, свя
-зан-ные с веб-
 []


Underfull \hbox (badness 1082) in paragraph at lines 272--50
\T2A/cmr/m/n/14.4 си-сте-мы ре-пу-та-ции, со-ци-аль-ные медиа-аналитика и веб-в
изуализация.
 []

Package babel Info: Redefining russian shorthand "|
(babel)             in language  on input line 50.
Package babel Info: Redefining russian shorthand "~
(babel)             in language  on input line 50.
Package babel Info: Redefining russian shorthand "|
(babel)             in language  on input line 50.
Package babel Info: Redefining russian shorthand "~
(babel)             in language  on input line 50.
[25
Non-PDF special ignored!
Non-PDF special ignored!
Non-PDF special ignored!
Non-PDF special ignored!]
Package babel Info: Redefining russian shorthand "|
(babel)             in language  on input line 56.
Package babel Info: Redefining russian shorthand "~
(babel)             in language  on input line 56.
Package babel Info: Redefining russian shorthand "|
(babel)             in language  on input line 56.
Package babel Info: Redefining russian shorthand "~
(babel)             in language  on input line 56.
 [26
Non-PDF special ignored!
Non-PDF special ignored!
Non-PDF special ignored!
Non-PDF special ignored!]
Package babel Info: Redefining russian shorthand "|
(babel)             in language  on input line 58.
Package babel Info: Redefining russian shorthand "~
(babel)             in language  on input line 58.
Package babel Info: Redefining russian shorthand "|
(babel)             in language  on input line 61.
Package babel Info: Redefining russian shorthand "~
(babel)             in language  on input line 61.
Package babel Info: Redefining russian shorthand "|
(babel)             in language  on input line 61.
Package babel Info: Redefining russian shorthand "~
(babel)             in language  on input line 61.
 [27
Non-PDF special ignored!
Non-PDF special ignored!


Non-PDF special ignored!
Non-PDF special ignored!]
Package babel Info: Redefining russian shorthand "|
(babel)             in language  on input line 63.
Package babel Info: Redefining russian shorthand "~
(babel)             in language  on input line 63.
 (src/thebib.tex
Underfull \hbox (badness 10000) in paragraph at lines 7--11
[]\T2A/cmr/m/n/14.4 Miller, K. 2012a. <<Big Data Analytics in Biomedical
 []


Underfull \hbox (badness 10000) in paragraph at lines 7--11
\T2A/cmr/m/n/14.4 Research,>> Biomedical Computation Review (available at
 []


Underfull \hbox (badness 10000) in paragraph at lines 7--11
\T2A/cmr/m/n/14.4 http:// biomedicalcomputationreview.org/content/big-data-
 []


Underfull \hbox (badness 10000) in paragraph at lines 13--19
[]\T2A/cmr/m/n/14.4 Gelfand, A. 2011/2012. Privacy and Biomedical Research:
 []


Underfull \hbox (badness 10000) in paragraph at lines 13--19
\T2A/cmr/m/n/14.4 Building a Trust InfrastructureAn Exploration of Data-
 []


Underfull \hbox (badness 10000) in paragraph at lines 13--19
\T2A/cmr/m/n/14.4 Driven and Process-Driven Approaches to Data Privacy,
 []


Underfull \hbox (badness 6461) in paragraph at lines 13--19
\T2A/cmr/m/n/14.4 Biomedical Computation Review, Winter, pp. 23-28 (available
 []


Underfull \hbox (badness 10000) in paragraph at lines 13--19
\T2A/cmr/m/n/14.4 at http://biomedicalcomputationreview.org/content/privacy-
 []


Underfull \hbox (badness 4403) in paragraph at lines 26--32
\T2A/cmr/m/n/14.4 How Social Media Sites Are Rapidly Doing Unique Research
 []


Underfull \hbox (badness 5008) in paragraph at lines 26--32
\T2A/cmr/m/n/14.4 on Large Cohorts, Biomedical Computation Review (available
 []


Underfull \hbox (badness 1953) in paragraph at lines 53--56
[]\T2A/cmr/m/n/14.4 Brantingham, P. L. 2011. Computational Criminology, Keyno
te
 []


Underfull \hbox (badness 3815) in paragraph at lines 53--56
\T2A/cmr/m/n/14.4 Address to the European Intelligence and Security Informatics

 []

Package babel Info: Redefining russian shorthand "|
(babel)             in language  on input line 64.
Package babel Info: Redefining russian shorthand "~
(babel)             in language  on input line 64.
Package babel Info: Redefining russian shorthand "|
(babel)             in language  on input line 64.
Package babel Info: Redefining russian shorthand "~
(babel)             in language  on input line 64.
[28
Non-PDF special ignored!
Non-PDF special ignored!


Non-PDF special ignored!
Non-PDF special ignored!
Non-PDF special ignored!
Non-PDF special ignored!
Non-PDF special ignored!
Non-PDF special ignored!
Non-PDF special ignored!
Non-PDF special ignored!
Non-PDF special ignored!
Non-PDF special ignored!
Non-PDF special ignored!
Non-PDF special ignored!
Non-PDF special ignored!
Non-PDF special ignored!
Non-PDF special ignored!
Non-PDF special ignored!
Non-PDF special ignored!
Non-PDF special ignored!
Non-PDF special ignored!
Non-PDF special ignored!
Non-PDF special ignored!
Non-PDF special ignored!]
Underfull \hbox (badness 5417) in paragraph at lines 79--83
[]\T2A/cmr/m/n/14.4 O'Reilly, T. 2005. What Is Web 2.0? Design Patterns and
 []


Underfull \hbox (badness 10000) in paragraph at lines 79--83
\T2A/cmr/m/n/14.4 Business Models for the Next Generation of Software,
 []


Underfull \hbox (badness 10000) in paragraph at lines 79--83
\T2A/cmr/m/n/14.4 September 30, (http://www.oreillynet.com/pub/a/oreilly/tim/
 []

)
Package babel Info: Redefining russian shorthand "|
(babel)             in language  on input line 66.
Package babel Info: Redefining russian shorthand "~
(babel)             in language  on input line 66.
Package babel Info: Redefining russian shorthand "|
(babel)             in language  on input line 66.
Package babel Info: Redefining russian shorthand "~
(babel)             in language  on input line 66.
 [29
Non-PDF special ignored!
Non-PDF special ignored!
Non-PDF special ignored!
Non-PDF special ignored!
Non-PDF special ignored!
Non-PDF special ignored!
Non-PDF special ignored!
Non-PDF special ignored!
Non-PDF special ignored!
Non-PDF special ignored!
Non-PDF special ignored!
Non-PDF special ignored!
Non-PDF special ignored!
Non-PDF special ignored!
Non-PDF special ignored!
Non-PDF special ignored!]
Package babel Info: Redefining russian shorthand "|
(babel)             in language  on input line 67.
Package babel Info: Redefining russian shorthand "~
(babel)             in language  on input line 67.
 (src/source.tex
Underfull \hbox (badness 1675) in paragraph at lines 14--27
\T2A/cmr/m/n/14.4 data segmentation and clustering, classification and regressi
on analysis,
 []

Package babel Info: Redefining russian shorthand "|
(babel)             in language  on input line 55.
Package babel Info: Redefining russian shorthand "~
(babel)             in language  on input line 55.
Package babel Info: Redefining russian shorthand "|
(babel)             in language  on input line 55.
Package babel Info: Redefining russian shorthand "~
(babel)             in language  on input line 55.
[30
Non-PDF special ignored!
Non-PDF special ignored!


Non-PDF special ignored!
Non-PDF special ignored!]
Underfull \hbox (badness 2529) in paragraph at lines 56--74
[]\T2A/cmr/m/n/14.4 An immense amount of company, industry, product, and custom
er
 []


Underfull \hbox (badness 2165) in paragraph at lines 56--74
\T2A/cmr/m/n/14.4 purchasing patterns. Web site design, product placement optim
ization,
 []


Underfull \hbox (badness 3000) in paragraph at lines 56--74
\T2A/cmr/m/n/14.4 customer transaction analysis, market structure analysis, and
 product
 []


Underfull \hbox (badness 2426) in paragraph at lines 75--87
\T2A/cmr/m/n/14.4 between businesses and customers instead of the traditional b
usiness-
 []

Package babel Info: Redefining russian shorthand "|
(babel)             in language  on input line 88.
Package babel Info: Redefining russian shorthand "~
(babel)             in language  on input line 88.
Package babel Info: Redefining russian shorthand "|
(babel)             in language  on input line 88.
Package babel Info: Redefining russian shorthand "~
(babel)             in language  on input line 88.
[31
Non-PDF special ignored!
Non-PDF special ignored!
Non-PDF special ignored!
Non-PDF special ignored!]
Package babel Info: Redefining russian shorthand "|
(babel)             in language  on input line 148.
Package babel Info: Redefining russian shorthand "~
(babel)             in language  on input line 148.
Package babel Info: Redefining russian shorthand "|
(babel)             in language  on input line 148.
Package babel Info: Redefining russian shorthand "~
(babel)             in language  on input line 148.
 [32
Non-PDF special ignored!
Non-PDF special ignored!
Non-PDF special ignored!
Non-PDF special ignored!]
Package babel Info: Redefining russian shorthand "|
(babel)             in language  on input line 195.
Package babel Info: Redefining russian shorthand "~
(babel)             in language  on input line 195.
Package babel Info: Redefining russian shorthand "|
(babel)             in language  on input line 195.
Package babel Info: Redefining russian shorthand "~
(babel)             in language  on input line 195.
 [33
Non-PDF special ignored!
Non-PDF special ignored!
Non-PDF special ignored!
Non-PDF special ignored!]
Package babel Info: Redefining russian shorthand "|
(babel)             in language  on input line 262.
Package babel Info: Redefining russian shorthand "~
(babel)             in language  on input line 262.
Package babel Info: Redefining russian shorthand "|
(babel)             in language  on input line 262.
Package babel Info: Redefining russian shorthand "~
(babel)             in language  on input line 262.
 [34
Non-PDF special ignored!
Non-PDF special ignored!
Non-PDF special ignored!
Non-PDF special ignored!]
Underfull \hbox (badness 1472) in paragraph at lines 263--278
\T2A/cmr/m/n/14.4 related BI&A research. Egovernment research often involves re
searchers
 []

Package babel Info: Redefining russian shorthand "|
(babel)             in language  on input line 305.
Package babel Info: Redefining russian shorthand "~
(babel)             in language  on input line 305.
Package babel Info: Redefining russian shorthand "|
(babel)             in language  on input line 305.
Package babel Info: Redefining russian shorthand "~
(babel)             in language  on input line 305.
[35
Non-PDF special ignored!
Non-PDF special ignored!
Non-PDF special ignored!
Non-PDF special ignored!])
Package atveryend Info: Empty hook `BeforeClearDocument' on input line 69.

Overfull \hbox (0.65967pt too wide) in paragraph at lines 319--69
[]\T2A/cmr/m/n/14.4 In astronomy, the Sloan Digital Sky Survey (SDSS) shows how
 computational
 []

Package babel Info: Redefining russian shorthand "|
(babel)             in language  on input line 69.
Package babel Info: Redefining russian shorthand "~
(babel)             in language  on input line 69.
Package babel Info: Redefining russian shorthand "|
(babel)             in language  on input line 69.
Package babel Info: Redefining russian shorthand "~
(babel)             in language  on input line 69.
[36
Non-PDF special ignored!
Non-PDF special ignored!
Non-PDF special ignored!
Non-PDF special ignored!]
Package atveryend Info: Empty hook `AfterLastShipout' on input line 69.
 (en_referat.aux (src/title_referat.aux))
Package atveryend Info: Executing hook `AtVeryEndDocument' on input line 69.
Package atveryend Info: Executing hook `AtEndAfterFileList' on input line 69.
Package rerunfilecheck Info: File `en_referat.out' has not changed.
(rerunfilecheck)             Checksum: 5C4248EED5330E9E693BA7F2D318ECAD;3774.


LaTeX Font Warning: Some font shapes were not available, defaults substituted.


LaTeX Warning: There were undefined references.

Package atveryend Info: Empty hook `AtVeryVeryEnd' on input line 69.
 )
(\end occurred when \ifx on line 13 was incomplete) 
Here is how much of TeX's memory you used:
 11977 strings out of 493312
 163453 string characters out of 3140197
 250561 words of memory out of 3000000
 15265 multiletter control sequences out of 15000+200000
 9798 words of font info for 28 fonts, out of 3000000 for 9000
 1141 hyphenation exceptions out of 8191
 32i,6n,35p,562b,663s stack positions out of 5000i,500n,10000p,200000b,50000s
 <C:\Users\ILIA\AppData\Loca
l\MiKTeX\2.9\fonts\pk\ljfour\lh\lh-t2a\dpi600\larm1200.pk> <C:\Users\ILIA\AppDa
ta\Local\MiKTeX\2.9\fonts\pk\ljfour\lh\lh-t2a\dpi600\labx1440.pk> <C:\Users\ILI
A\AppData\Local\MiKTeX\2.9\fonts\pk\ljfour\lh\lh-t2a\dpi600\larm1440.pk>
Output written on en_referat.pdf (36 pages, 210762 bytes).
PDF statistics:
 612 PDF objects out of 1000 (max. 8388607)
 83 named destinations out of 1000 (max. 500000)
 177 words of extra memory for PDF output out of 10000 (max. 10000000)

