\BOOKMARK [0][-]{chapter*.2}{\376\377\004\022\004\022\004\025\004\024\004\025\004\035\004\030\004\025}{}% 1
\BOOKMARK [0][-]{chapter.1}{\376\377\000B\000U\000S\000I\000N\000E\000S\000S\000\040\000I\000N\000T\000E\000L\000L\000I\000G\000E\000N\000C\000E\000\040\000A\000N\000D\000\040\000A\000N\000A\000L\000Y\000T\000I\000C\000S\000:\000\040\000F\000R\000O\000M\000\040\000B\000I\000G\000\040\000D\000A\000T\000A\000\040\000T\000O\000\040\000B\000I\000G\000\040\000I\000M\000P\000A\000C\000T}{}% 2
\BOOKMARK [1][-]{section.1.1}{\376\377\000B\000I\000\046\000A\000\040\0001\000.\0000}{chapter.1}% 3
\BOOKMARK [1][-]{section.1.2}{\376\377\000B\000I\000\046\000A\000\040\0002\000.\0000}{chapter.1}% 4
\BOOKMARK [1][-]{section.1.3}{\376\377\000B\000I\000\046\000A\000\040\0003\000.\0000}{chapter.1}% 5
\BOOKMARK [1][-]{section.1.4}{\376\377\000B\000I\000\046\000A\000\040\000A\000p\000p\000l\000i\000c\000a\000t\000i\000o\000n\000s\000:\000\040\000F\000r\000o\000m\000\040\000B\000i\000g\000\040\000D\000a\000t\000a\000\040\000t\000o\000\040\000B\000i\000g\000\040\000I\000m\000p\000a\000c\000t}{chapter.1}% 6
\BOOKMARK [1][-]{section.1.5}{\376\377\000E\000-\000C\000o\000m\000m\000e\000r\000c\000e\000\040\000a\000n\000d\000\040\000M\000a\000r\000k\000e\000t\000\040\000I\000n\000t\000e\000l\000l\000i\000g\000e\000n\000c\000e}{chapter.1}% 7
\BOOKMARK [1][-]{section.1.6}{\376\377\000E\000-\000G\000o\000v\000e\000r\000n\000m\000e\000n\000t\000\040\000a\000n\000d\000\040\000P\000o\000l\000i\000t\000i\000c\000s\000\040\0002\000.\0000}{chapter.1}% 8
\BOOKMARK [1][-]{section.1.7}{\376\377\000S\000c\000i\000e\000n\000c\000e\000\040\000a\000n\000d\000\040\000T\000e\000c\000h\000n\000o\000l\000o\000g\000y}{chapter.1}% 9
\BOOKMARK [0][-]{chapter.2}{\376\377\000T\000r\000a\000n\000s\000l\000a\000t\000e}{}% 10
\BOOKMARK [1][-]{section.2.1}{\376\377\000S\000m\000a\000r\000t\000\040\000H\000e\000a\000l\000t\000h\000\040\000a\000n\000d\000\040\000W\000e\000l\000l\000b\000e\000i\000n\000g}{chapter.2}% 11
\BOOKMARK [1][-]{section.2.2}{\376\377\000S\000e\000c\000u\000r\000i\000t\000y\000\040\000a\000n\000d\000\040\000P\000u\000b\000l\000i\000c\000\040\000S\000a\000f\000e\000t\000y}{chapter.2}% 12
\BOOKMARK [1][-]{section.2.3}{\376\377\000T\000e\000x\000t\000\040\000A\000n\000a\000l\000y\000t\000i\000c\000s}{chapter.2}% 13
\BOOKMARK [1][-]{section.2.4}{\376\377\000W\000e\000b\000\040\000A\000n\000a\000l\000y\000t\000i\000c\000s}{chapter.2}% 14
\BOOKMARK [1][-]{section.2.5}{\376\377\000S\000m\000a\000r\000t\000\040\000H\000e\000a\000l\000t\000h\000\040\000a\000n\000d\000\040\000W\000e\000l\000l\000b\000e\000i\000n\000g}{chapter.2}% 15
\BOOKMARK [1][-]{section.2.6}{\376\377\000S\000e\000c\000u\000r\000i\000t\000y\000\040\000a\000n\000d\000\040\000P\000u\000b\000l\000i\000c\000\040\000S\000a\000f\000e\000t\000y}{chapter.2}% 16
\BOOKMARK [1][-]{section.2.7}{\376\377\000T\000e\000x\000t\000\040\000A\000n\000a\000l\000y\000t\000i\000c\000s}{chapter.2}% 17
\BOOKMARK [1][-]{section.2.8}{\376\377\000W\000e\000b\000\040\000A\000n\000a\000l\000y\000t\000i\000c\000s}{chapter.2}% 18
\BOOKMARK [0][-]{chapter*.3}{\376\377\004\027\004\020\004\032\004\033\004\056\004\047\004\025\004\035\004\030\004\025}{}% 19
\BOOKMARK [0][-]{chapter*.4}{\376\377\004\041\004\077\004\070\004\101\004\076\004\072\000\040\004\070\004\101\004\077\004\076\004\073\004\114\004\067\004\076\004\062\004\060\004\075\004\075\004\113\004\105\000\040\004\070\004\101\004\102\004\076\004\107\004\075\004\070\004\072\004\076\004\062}{}% 20
\BOOKMARK [0][-]{chapter*.5}{\376\377\004\037\004\040\004\030\004\033\004\036\004\026\004\025\004\035\004\030\004\025}{}% 21
